終端機在文法中未使用

   MK_DOT
   ERROR


狀態 219 衝突：1 項偏移/縮減


文法

    0 $accept: program $end

    1 program: global_decl_list
    2        | %empty

    3 global_decl_list: global_decl_list global_decl
    4                 | global_decl

    5 global_decl: decl_list function_decl
    6            | function_decl

    7 function_decl: type ID MK_LPAREN param_list MK_RPAREN MK_LBRACE block MK_RBRACE
    8              | VOID ID MK_LPAREN param_list MK_RPAREN MK_LBRACE block MK_RBRACE
    9              | ID ID MK_LPAREN param_list MK_RPAREN MK_LBRACE block MK_RBRACE
   10              | type ID MK_LPAREN MK_RPAREN MK_LBRACE block MK_RBRACE
   11              | VOID ID MK_LPAREN MK_RPAREN MK_LBRACE block MK_RBRACE
   12              | ID ID MK_LPAREN MK_RPAREN MK_LBRACE block MK_RBRACE

   13 param_list: param_list MK_COMMA param
   14           | param

   15 param: type ID
   16      | ID ID
   17      | type ID dim_fn
   18      | ID ID dim_fn

   19 dim_fn: MK_LB expr_null MK_RB
   20       | dim_fn MK_LB expr MK_RB

   21 expr_null: expr
   22          | %empty

   23 block: decl_list stmt_list
   24      | stmt_list
   25      | decl_list
   26      | %empty

   27 decl_list: decl_list decl
   28          | decl

   29 decl: type_decl
   30     | var_decl

   31 type_decl: TYPEDEF type id_list MK_SEMICOLON
   32          | TYPEDEF VOID id_list MK_SEMICOLON

   33 var_decl: type init_id_list MK_SEMICOLON
   34         | ID id_list MK_SEMICOLON

   35 type: INT
   36     | FLOAT

   37 id_list: ID
   38        | id_list MK_COMMA ID
   39        | id_list MK_COMMA ID dim_decl
   40        | ID dim_decl

   41 dim_decl: MK_LB cexpr MK_RB
   42         | dim_decl MK_LB cexpr MK_RB

   43 cexpr: cexpr OP_PLUS mcexpr
   44      | cexpr OP_MINUS mcexpr
   45      | mcexpr

   46 mcexpr: mcexpr OP_TIMES cfactor
   47       | mcexpr OP_DIVIDE cfactor
   48       | cfactor

   49 cfactor: CONST
   50        | MK_LPAREN cexpr MK_RPAREN

   51 init_id_list: init_id
   52             | init_id_list MK_COMMA init_id

   53 init_id: ID
   54        | ID dim_decl
   55        | ID OP_ASSIGN relop_expr

   56 stmt_list: stmt_list stmt
   57          | stmt

   58 stmt: MK_LBRACE block MK_RBRACE
   59     | WHILE MK_LPAREN test MK_RPAREN stmt
   60     | FOR MK_LPAREN assign_expr_list MK_SEMICOLON relop_expr_list MK_SEMICOLON assign_expr_list MK_RPAREN stmt
   61     | var_ref OP_ASSIGN relop_expr MK_SEMICOLON
   62     | IF MK_LPAREN test MK_RPAREN stmt
   63     | IF MK_LPAREN test MK_RPAREN stmt ELSE stmt
   64     | ID MK_LPAREN relop_expr_list MK_RPAREN MK_SEMICOLON
   65     | MK_SEMICOLON
   66     | RETURN MK_SEMICOLON
   67     | RETURN relop_expr MK_SEMICOLON

   68 assign_expr_list: nonempty_assign_expr_list
   69                 | %empty

   70 nonempty_assign_expr_list: nonempty_assign_expr_list MK_COMMA assign_expr
   71                          | assign_expr

   72 test: assign_expr

   73 assign_expr: ID OP_ASSIGN relop_expr
   74            | relop_expr

   75 relop_expr: relop_term
   76           | relop_expr OP_OR relop_term

   77 relop_term: relop_factor
   78           | relop_term OP_AND relop_factor

   79 relop_factor: expr
   80             | expr rel_op expr

   81 rel_op: OP_EQ
   82       | OP_GE
   83       | OP_LE
   84       | OP_NE
   85       | OP_GT
   86       | OP_LT

   87 relop_expr_list: nonempty_relop_expr_list
   88                | %empty

   89 nonempty_relop_expr_list: nonempty_relop_expr_list MK_COMMA relop_expr
   90                         | relop_expr

   91 expr: expr add_op term
   92     | term

   93 add_op: OP_PLUS
   94       | OP_MINUS

   95 term: term mul_op factor
   96     | factor

   97 mul_op: OP_TIMES
   98       | OP_DIVIDE

   99 factor: MK_LPAREN relop_expr MK_RPAREN
  100       | OP_MINUS MK_LPAREN relop_expr MK_RPAREN
  101       | OP_NOT MK_LPAREN relop_expr MK_RPAREN
  102       | CONST
  103       | OP_MINUS CONST
  104       | OP_NOT CONST
  105       | ID MK_LPAREN relop_expr_list MK_RPAREN
  106       | OP_MINUS ID MK_LPAREN relop_expr_list MK_RPAREN
  107       | OP_NOT ID MK_LPAREN relop_expr_list MK_RPAREN
  108       | var_ref
  109       | OP_MINUS var_ref
  110       | OP_NOT var_ref

  111 var_ref: ID
  112        | ID dim_list

  113 dim_list: dim_list MK_LB expr MK_RB
  114         | MK_LB expr MK_RB


終結語詞，附有它們出現處的規則

$end (0) 0
error (256)
ID (258) 7 8 9 10 11 12 15 16 17 18 34 37 38 39 40 53 54 55 64 73 105
    106 107 111 112
CONST (259) 49 102 103 104
VOID (260) 8 11 32
INT (261) 35
FLOAT (262) 36
IF (263) 62 63
ELSE (264) 63
WHILE (265) 59
FOR (266) 60
TYPEDEF (267) 31 32
OP_ASSIGN (268) 55 61 73
OP_OR (269) 76
OP_AND (270) 78
OP_NOT (271) 101 104 107 110
OP_EQ (272) 81
OP_NE (273) 84
OP_GT (274) 85
OP_LT (275) 86
OP_GE (276) 82
OP_LE (277) 83
OP_PLUS (278) 43 93
OP_MINUS (279) 44 94 100 103 106 109
OP_TIMES (280) 46 97
OP_DIVIDE (281) 47 98
MK_LB (282) 19 20 41 42 113 114
MK_RB (283) 19 20 41 42 113 114
MK_LPAREN (284) 7 8 9 10 11 12 50 59 60 62 63 64 99 100 101 105 106
    107
MK_RPAREN (285) 7 8 9 10 11 12 50 59 60 62 63 64 99 100 101 105 106
    107
MK_LBRACE (286) 7 8 9 10 11 12 58
MK_RBRACE (287) 7 8 9 10 11 12 58
MK_COMMA (288) 13 38 39 52 70 89
MK_SEMICOLON (289) 31 32 33 34 60 61 64 65 66 67
MK_DOT (290)
ERROR (291)
RETURN (292) 66 67


非終結語詞，附有它們出現處的規則

$accept (38)
    於左側： 0
program (39)
    於左側： 1 2,於右側： 0
global_decl_list (40)
    於左側： 3 4,於右側： 1 3
global_decl (41)
    於左側： 5 6,於右側： 3 4
function_decl (42)
    於左側： 7 8 9 10 11 12,於右側： 5 6
param_list (43)
    於左側： 13 14,於右側： 7 8 9 13
param (44)
    於左側： 15 16 17 18,於右側： 13 14
dim_fn (45)
    於左側： 19 20,於右側： 17 18 20
expr_null (46)
    於左側： 21 22,於右側： 19
block (47)
    於左側： 23 24 25 26,於右側： 7 8 9 10 11 12 58
decl_list (48)
    於左側： 27 28,於右側： 5 23 25 27
decl (49)
    於左側： 29 30,於右側： 27 28
type_decl (50)
    於左側： 31 32,於右側： 29
var_decl (51)
    於左側： 33 34,於右側： 30
type (52)
    於左側： 35 36,於右側： 7 10 15 17 31 33
id_list (53)
    於左側： 37 38 39 40,於右側： 31 32 34 38 39
dim_decl (54)
    於左側： 41 42,於右側： 39 40 42 54
cexpr (55)
    於左側： 43 44 45,於右側： 41 42 43 44 50
mcexpr (56)
    於左側： 46 47 48,於右側： 43 44 45 46 47
cfactor (57)
    於左側： 49 50,於右側： 46 47 48
init_id_list (58)
    於左側： 51 52,於右側： 33 52
init_id (59)
    於左側： 53 54 55,於右側： 51 52
stmt_list (60)
    於左側： 56 57,於右側： 23 24 56
stmt (61)
    於左側： 58 59 60 61 62 63 64 65 66 67,於右側： 56 57 59
    60 62 63
assign_expr_list (62)
    於左側： 68 69,於右側： 60
nonempty_assign_expr_list (63)
    於左側： 70 71,於右側： 68 70
test (64)
    於左側： 72,於右側： 59 62 63
assign_expr (65)
    於左側： 73 74,於右側： 70 71 72
relop_expr (66)
    於左側： 75 76,於右側： 55 61 67 73 74 76 89 90 99 100
    101
relop_term (67)
    於左側： 77 78,於右側： 75 76 78
relop_factor (68)
    於左側： 79 80,於右側： 77 78
rel_op (69)
    於左側： 81 82 83 84 85 86,於右側： 80
relop_expr_list (70)
    於左側： 87 88,於右側： 60 64 105 106 107
nonempty_relop_expr_list (71)
    於左側： 89 90,於右側： 87 89
expr (72)
    於左側： 91 92,於右側： 20 21 79 80 91 113 114
add_op (73)
    於左側： 93 94,於右側： 91
term (74)
    於左側： 95 96,於右側： 91 92 95
mul_op (75)
    於左側： 97 98,於右側： 95
factor (76)
    於左側： 99 100 101 102 103 104 105 106 107 108 109 110,於右側：
    95 96
var_ref (77)
    於左側： 111 112,於右側： 61 108 109 110
dim_list (78)
    於左側： 113 114,於右側： 112 113


狀態 0

    0 $accept: . program $end

    ID       偏移，並進入狀態 1
    VOID     偏移，並進入狀態 2
    INT      偏移，並進入狀態 3
    FLOAT    偏移，並進入狀態 4
    TYPEDEF  偏移，並進入狀態 5

    $預設  使用規則 2 以縮減 (program)

    program           進入狀態 6
    global_decl_list  進入狀態 7
    global_decl       進入狀態 8
    function_decl     進入狀態 9
    decl_list         進入狀態 10
    decl              進入狀態 11
    type_decl         進入狀態 12
    var_decl          進入狀態 13
    type              進入狀態 14


狀態 1

    9 function_decl: ID . ID MK_LPAREN param_list MK_RPAREN MK_LBRACE block MK_RBRACE
   12              | ID . ID MK_LPAREN MK_RPAREN MK_LBRACE block MK_RBRACE
   34 var_decl: ID . id_list MK_SEMICOLON

    ID  偏移，並進入狀態 15

    id_list  進入狀態 16


狀態 2

    8 function_decl: VOID . ID MK_LPAREN param_list MK_RPAREN MK_LBRACE block MK_RBRACE
   11              | VOID . ID MK_LPAREN MK_RPAREN MK_LBRACE block MK_RBRACE

    ID  偏移，並進入狀態 17


狀態 3

   35 type: INT .

    $預設  使用規則 35 以縮減 (type)


狀態 4

   36 type: FLOAT .

    $預設  使用規則 36 以縮減 (type)


狀態 5

   31 type_decl: TYPEDEF . type id_list MK_SEMICOLON
   32          | TYPEDEF . VOID id_list MK_SEMICOLON

    VOID   偏移，並進入狀態 18
    INT    偏移，並進入狀態 3
    FLOAT  偏移，並進入狀態 4

    type  進入狀態 19


狀態 6

    0 $accept: program . $end

    $end  偏移，並進入狀態 20


狀態 7

    1 program: global_decl_list .
    3 global_decl_list: global_decl_list . global_decl

    ID       偏移，並進入狀態 1
    VOID     偏移，並進入狀態 2
    INT      偏移，並進入狀態 3
    FLOAT    偏移，並進入狀態 4
    TYPEDEF  偏移，並進入狀態 5

    $預設  使用規則 1 以縮減 (program)

    global_decl    進入狀態 21
    function_decl  進入狀態 9
    decl_list      進入狀態 10
    decl           進入狀態 11
    type_decl      進入狀態 12
    var_decl       進入狀態 13
    type           進入狀態 14


狀態 8

    4 global_decl_list: global_decl .

    $預設  使用規則 4 以縮減 (global_decl_list)


狀態 9

    6 global_decl: function_decl .

    $預設  使用規則 6 以縮減 (global_decl)


狀態 10

    5 global_decl: decl_list . function_decl
   27 decl_list: decl_list . decl

    ID       偏移，並進入狀態 1
    VOID     偏移，並進入狀態 2
    INT      偏移，並進入狀態 3
    FLOAT    偏移，並進入狀態 4
    TYPEDEF  偏移，並進入狀態 5

    function_decl  進入狀態 22
    decl           進入狀態 23
    type_decl      進入狀態 12
    var_decl       進入狀態 13
    type           進入狀態 14


狀態 11

   28 decl_list: decl .

    $預設  使用規則 28 以縮減 (decl_list)


狀態 12

   29 decl: type_decl .

    $預設  使用規則 29 以縮減 (decl)


狀態 13

   30 decl: var_decl .

    $預設  使用規則 30 以縮減 (decl)


狀態 14

    7 function_decl: type . ID MK_LPAREN param_list MK_RPAREN MK_LBRACE block MK_RBRACE
   10              | type . ID MK_LPAREN MK_RPAREN MK_LBRACE block MK_RBRACE
   33 var_decl: type . init_id_list MK_SEMICOLON

    ID  偏移，並進入狀態 24

    init_id_list  進入狀態 25
    init_id       進入狀態 26


狀態 15

    9 function_decl: ID ID . MK_LPAREN param_list MK_RPAREN MK_LBRACE block MK_RBRACE
   12              | ID ID . MK_LPAREN MK_RPAREN MK_LBRACE block MK_RBRACE
   37 id_list: ID .
   40        | ID . dim_decl

    MK_LB      偏移，並進入狀態 27
    MK_LPAREN  偏移，並進入狀態 28

    $預設  使用規則 37 以縮減 (id_list)

    dim_decl  進入狀態 29


狀態 16

   34 var_decl: ID id_list . MK_SEMICOLON
   38 id_list: id_list . MK_COMMA ID
   39        | id_list . MK_COMMA ID dim_decl

    MK_COMMA      偏移，並進入狀態 30
    MK_SEMICOLON  偏移，並進入狀態 31


狀態 17

    8 function_decl: VOID ID . MK_LPAREN param_list MK_RPAREN MK_LBRACE block MK_RBRACE
   11              | VOID ID . MK_LPAREN MK_RPAREN MK_LBRACE block MK_RBRACE

    MK_LPAREN  偏移，並進入狀態 32


狀態 18

   32 type_decl: TYPEDEF VOID . id_list MK_SEMICOLON

    ID  偏移，並進入狀態 33

    id_list  進入狀態 34


狀態 19

   31 type_decl: TYPEDEF type . id_list MK_SEMICOLON

    ID  偏移，並進入狀態 33

    id_list  進入狀態 35


狀態 20

    0 $accept: program $end .

    $預設  接受


狀態 21

    3 global_decl_list: global_decl_list global_decl .

    $預設  使用規則 3 以縮減 (global_decl_list)


狀態 22

    5 global_decl: decl_list function_decl .

    $預設  使用規則 5 以縮減 (global_decl)


狀態 23

   27 decl_list: decl_list decl .

    $預設  使用規則 27 以縮減 (decl_list)


狀態 24

    7 function_decl: type ID . MK_LPAREN param_list MK_RPAREN MK_LBRACE block MK_RBRACE
   10              | type ID . MK_LPAREN MK_RPAREN MK_LBRACE block MK_RBRACE
   53 init_id: ID .
   54        | ID . dim_decl
   55        | ID . OP_ASSIGN relop_expr

    OP_ASSIGN  偏移，並進入狀態 36
    MK_LB      偏移，並進入狀態 27
    MK_LPAREN  偏移，並進入狀態 37

    $預設  使用規則 53 以縮減 (init_id)

    dim_decl  進入狀態 38


狀態 25

   33 var_decl: type init_id_list . MK_SEMICOLON
   52 init_id_list: init_id_list . MK_COMMA init_id

    MK_COMMA      偏移，並進入狀態 39
    MK_SEMICOLON  偏移，並進入狀態 40


狀態 26

   51 init_id_list: init_id .

    $預設  使用規則 51 以縮減 (init_id_list)


狀態 27

   41 dim_decl: MK_LB . cexpr MK_RB

    CONST      偏移，並進入狀態 41
    MK_LPAREN  偏移，並進入狀態 42

    cexpr    進入狀態 43
    mcexpr   進入狀態 44
    cfactor  進入狀態 45


狀態 28

    9 function_decl: ID ID MK_LPAREN . param_list MK_RPAREN MK_LBRACE block MK_RBRACE
   12              | ID ID MK_LPAREN . MK_RPAREN MK_LBRACE block MK_RBRACE

    ID         偏移，並進入狀態 46
    INT        偏移，並進入狀態 3
    FLOAT      偏移，並進入狀態 4
    MK_RPAREN  偏移，並進入狀態 47

    param_list  進入狀態 48
    param       進入狀態 49
    type        進入狀態 50


狀態 29

   40 id_list: ID dim_decl .
   42 dim_decl: dim_decl . MK_LB cexpr MK_RB

    MK_LB  偏移，並進入狀態 51

    $預設  使用規則 40 以縮減 (id_list)


狀態 30

   38 id_list: id_list MK_COMMA . ID
   39        | id_list MK_COMMA . ID dim_decl

    ID  偏移，並進入狀態 52


狀態 31

   34 var_decl: ID id_list MK_SEMICOLON .

    $預設  使用規則 34 以縮減 (var_decl)


狀態 32

    8 function_decl: VOID ID MK_LPAREN . param_list MK_RPAREN MK_LBRACE block MK_RBRACE
   11              | VOID ID MK_LPAREN . MK_RPAREN MK_LBRACE block MK_RBRACE

    ID         偏移，並進入狀態 46
    INT        偏移，並進入狀態 3
    FLOAT      偏移，並進入狀態 4
    MK_RPAREN  偏移，並進入狀態 53

    param_list  進入狀態 54
    param       進入狀態 49
    type        進入狀態 50


狀態 33

   37 id_list: ID .
   40        | ID . dim_decl

    MK_LB  偏移，並進入狀態 27

    $預設  使用規則 37 以縮減 (id_list)

    dim_decl  進入狀態 29


狀態 34

   32 type_decl: TYPEDEF VOID id_list . MK_SEMICOLON
   38 id_list: id_list . MK_COMMA ID
   39        | id_list . MK_COMMA ID dim_decl

    MK_COMMA      偏移，並進入狀態 30
    MK_SEMICOLON  偏移，並進入狀態 55


狀態 35

   31 type_decl: TYPEDEF type id_list . MK_SEMICOLON
   38 id_list: id_list . MK_COMMA ID
   39        | id_list . MK_COMMA ID dim_decl

    MK_COMMA      偏移，並進入狀態 30
    MK_SEMICOLON  偏移，並進入狀態 56


狀態 36

   55 init_id: ID OP_ASSIGN . relop_expr

    ID         偏移，並進入狀態 57
    CONST      偏移，並進入狀態 58
    OP_NOT     偏移，並進入狀態 59
    OP_MINUS   偏移，並進入狀態 60
    MK_LPAREN  偏移，並進入狀態 61

    relop_expr    進入狀態 62
    relop_term    進入狀態 63
    relop_factor  進入狀態 64
    expr          進入狀態 65
    term          進入狀態 66
    factor        進入狀態 67
    var_ref       進入狀態 68


狀態 37

    7 function_decl: type ID MK_LPAREN . param_list MK_RPAREN MK_LBRACE block MK_RBRACE
   10              | type ID MK_LPAREN . MK_RPAREN MK_LBRACE block MK_RBRACE

    ID         偏移，並進入狀態 46
    INT        偏移，並進入狀態 3
    FLOAT      偏移，並進入狀態 4
    MK_RPAREN  偏移，並進入狀態 69

    param_list  進入狀態 70
    param       進入狀態 49
    type        進入狀態 50


狀態 38

   42 dim_decl: dim_decl . MK_LB cexpr MK_RB
   54 init_id: ID dim_decl .

    MK_LB  偏移，並進入狀態 51

    $預設  使用規則 54 以縮減 (init_id)


狀態 39

   52 init_id_list: init_id_list MK_COMMA . init_id

    ID  偏移，並進入狀態 71

    init_id  進入狀態 72


狀態 40

   33 var_decl: type init_id_list MK_SEMICOLON .

    $預設  使用規則 33 以縮減 (var_decl)


狀態 41

   49 cfactor: CONST .

    $預設  使用規則 49 以縮減 (cfactor)


狀態 42

   50 cfactor: MK_LPAREN . cexpr MK_RPAREN

    CONST      偏移，並進入狀態 41
    MK_LPAREN  偏移，並進入狀態 42

    cexpr    進入狀態 73
    mcexpr   進入狀態 44
    cfactor  進入狀態 45


狀態 43

   41 dim_decl: MK_LB cexpr . MK_RB
   43 cexpr: cexpr . OP_PLUS mcexpr
   44      | cexpr . OP_MINUS mcexpr

    OP_PLUS   偏移，並進入狀態 74
    OP_MINUS  偏移，並進入狀態 75
    MK_RB     偏移，並進入狀態 76


狀態 44

   45 cexpr: mcexpr .
   46 mcexpr: mcexpr . OP_TIMES cfactor
   47       | mcexpr . OP_DIVIDE cfactor

    OP_TIMES   偏移，並進入狀態 77
    OP_DIVIDE  偏移，並進入狀態 78

    $預設  使用規則 45 以縮減 (cexpr)


狀態 45

   48 mcexpr: cfactor .

    $預設  使用規則 48 以縮減 (mcexpr)


狀態 46

   16 param: ID . ID
   18      | ID . ID dim_fn

    ID  偏移，並進入狀態 79


狀態 47

   12 function_decl: ID ID MK_LPAREN MK_RPAREN . MK_LBRACE block MK_RBRACE

    MK_LBRACE  偏移，並進入狀態 80


狀態 48

    9 function_decl: ID ID MK_LPAREN param_list . MK_RPAREN MK_LBRACE block MK_RBRACE
   13 param_list: param_list . MK_COMMA param

    MK_RPAREN  偏移，並進入狀態 81
    MK_COMMA   偏移，並進入狀態 82


狀態 49

   14 param_list: param .

    $預設  使用規則 14 以縮減 (param_list)


狀態 50

   15 param: type . ID
   17      | type . ID dim_fn

    ID  偏移，並進入狀態 83


狀態 51

   42 dim_decl: dim_decl MK_LB . cexpr MK_RB

    CONST      偏移，並進入狀態 41
    MK_LPAREN  偏移，並進入狀態 42

    cexpr    進入狀態 84
    mcexpr   進入狀態 44
    cfactor  進入狀態 45


狀態 52

   38 id_list: id_list MK_COMMA ID .
   39        | id_list MK_COMMA ID . dim_decl

    MK_LB  偏移，並進入狀態 27

    $預設  使用規則 38 以縮減 (id_list)

    dim_decl  進入狀態 85


狀態 53

   11 function_decl: VOID ID MK_LPAREN MK_RPAREN . MK_LBRACE block MK_RBRACE

    MK_LBRACE  偏移，並進入狀態 86


狀態 54

    8 function_decl: VOID ID MK_LPAREN param_list . MK_RPAREN MK_LBRACE block MK_RBRACE
   13 param_list: param_list . MK_COMMA param

    MK_RPAREN  偏移，並進入狀態 87
    MK_COMMA   偏移，並進入狀態 82


狀態 55

   32 type_decl: TYPEDEF VOID id_list MK_SEMICOLON .

    $預設  使用規則 32 以縮減 (type_decl)


狀態 56

   31 type_decl: TYPEDEF type id_list MK_SEMICOLON .

    $預設  使用規則 31 以縮減 (type_decl)


狀態 57

  105 factor: ID . MK_LPAREN relop_expr_list MK_RPAREN
  111 var_ref: ID .
  112        | ID . dim_list

    MK_LB      偏移，並進入狀態 88
    MK_LPAREN  偏移，並進入狀態 89

    $預設  使用規則 111 以縮減 (var_ref)

    dim_list  進入狀態 90


狀態 58

  102 factor: CONST .

    $預設  使用規則 102 以縮減 (factor)


狀態 59

  101 factor: OP_NOT . MK_LPAREN relop_expr MK_RPAREN
  104       | OP_NOT . CONST
  107       | OP_NOT . ID MK_LPAREN relop_expr_list MK_RPAREN
  110       | OP_NOT . var_ref

    ID         偏移，並進入狀態 91
    CONST      偏移，並進入狀態 92
    MK_LPAREN  偏移，並進入狀態 93

    var_ref  進入狀態 94


狀態 60

  100 factor: OP_MINUS . MK_LPAREN relop_expr MK_RPAREN
  103       | OP_MINUS . CONST
  106       | OP_MINUS . ID MK_LPAREN relop_expr_list MK_RPAREN
  109       | OP_MINUS . var_ref

    ID         偏移，並進入狀態 95
    CONST      偏移，並進入狀態 96
    MK_LPAREN  偏移，並進入狀態 97

    var_ref  進入狀態 98


狀態 61

   99 factor: MK_LPAREN . relop_expr MK_RPAREN

    ID         偏移，並進入狀態 57
    CONST      偏移，並進入狀態 58
    OP_NOT     偏移，並進入狀態 59
    OP_MINUS   偏移，並進入狀態 60
    MK_LPAREN  偏移，並進入狀態 61

    relop_expr    進入狀態 99
    relop_term    進入狀態 63
    relop_factor  進入狀態 64
    expr          進入狀態 65
    term          進入狀態 66
    factor        進入狀態 67
    var_ref       進入狀態 68


狀態 62

   55 init_id: ID OP_ASSIGN relop_expr .
   76 relop_expr: relop_expr . OP_OR relop_term

    OP_OR  偏移，並進入狀態 100

    $預設  使用規則 55 以縮減 (init_id)


狀態 63

   75 relop_expr: relop_term .
   78 relop_term: relop_term . OP_AND relop_factor

    OP_AND  偏移，並進入狀態 101

    $預設  使用規則 75 以縮減 (relop_expr)


狀態 64

   77 relop_term: relop_factor .

    $預設  使用規則 77 以縮減 (relop_term)


狀態 65

   79 relop_factor: expr .
   80             | expr . rel_op expr
   91 expr: expr . add_op term

    OP_EQ     偏移，並進入狀態 102
    OP_NE     偏移，並進入狀態 103
    OP_GT     偏移，並進入狀態 104
    OP_LT     偏移，並進入狀態 105
    OP_GE     偏移，並進入狀態 106
    OP_LE     偏移，並進入狀態 107
    OP_PLUS   偏移，並進入狀態 108
    OP_MINUS  偏移，並進入狀態 109

    $預設  使用規則 79 以縮減 (relop_factor)

    rel_op  進入狀態 110
    add_op  進入狀態 111


狀態 66

   92 expr: term .
   95 term: term . mul_op factor

    OP_TIMES   偏移，並進入狀態 112
    OP_DIVIDE  偏移，並進入狀態 113

    $預設  使用規則 92 以縮減 (expr)

    mul_op  進入狀態 114


狀態 67

   96 term: factor .

    $預設  使用規則 96 以縮減 (term)


狀態 68

  108 factor: var_ref .

    $預設  使用規則 108 以縮減 (factor)


狀態 69

   10 function_decl: type ID MK_LPAREN MK_RPAREN . MK_LBRACE block MK_RBRACE

    MK_LBRACE  偏移，並進入狀態 115


狀態 70

    7 function_decl: type ID MK_LPAREN param_list . MK_RPAREN MK_LBRACE block MK_RBRACE
   13 param_list: param_list . MK_COMMA param

    MK_RPAREN  偏移，並進入狀態 116
    MK_COMMA   偏移，並進入狀態 82


狀態 71

   53 init_id: ID .
   54        | ID . dim_decl
   55        | ID . OP_ASSIGN relop_expr

    OP_ASSIGN  偏移，並進入狀態 36
    MK_LB      偏移，並進入狀態 27

    $預設  使用規則 53 以縮減 (init_id)

    dim_decl  進入狀態 38


狀態 72

   52 init_id_list: init_id_list MK_COMMA init_id .

    $預設  使用規則 52 以縮減 (init_id_list)


狀態 73

   43 cexpr: cexpr . OP_PLUS mcexpr
   44      | cexpr . OP_MINUS mcexpr
   50 cfactor: MK_LPAREN cexpr . MK_RPAREN

    OP_PLUS    偏移，並進入狀態 74
    OP_MINUS   偏移，並進入狀態 75
    MK_RPAREN  偏移，並進入狀態 117


狀態 74

   43 cexpr: cexpr OP_PLUS . mcexpr

    CONST      偏移，並進入狀態 41
    MK_LPAREN  偏移，並進入狀態 42

    mcexpr   進入狀態 118
    cfactor  進入狀態 45


狀態 75

   44 cexpr: cexpr OP_MINUS . mcexpr

    CONST      偏移，並進入狀態 41
    MK_LPAREN  偏移，並進入狀態 42

    mcexpr   進入狀態 119
    cfactor  進入狀態 45


狀態 76

   41 dim_decl: MK_LB cexpr MK_RB .

    $預設  使用規則 41 以縮減 (dim_decl)


狀態 77

   46 mcexpr: mcexpr OP_TIMES . cfactor

    CONST      偏移，並進入狀態 41
    MK_LPAREN  偏移，並進入狀態 42

    cfactor  進入狀態 120


狀態 78

   47 mcexpr: mcexpr OP_DIVIDE . cfactor

    CONST      偏移，並進入狀態 41
    MK_LPAREN  偏移，並進入狀態 42

    cfactor  進入狀態 121


狀態 79

   16 param: ID ID .
   18      | ID ID . dim_fn

    MK_LB  偏移，並進入狀態 122

    $預設  使用規則 16 以縮減 (param)

    dim_fn  進入狀態 123


狀態 80

   12 function_decl: ID ID MK_LPAREN MK_RPAREN MK_LBRACE . block MK_RBRACE

    ID            偏移，並進入狀態 124
    INT           偏移，並進入狀態 3
    FLOAT         偏移，並進入狀態 4
    IF            偏移，並進入狀態 125
    WHILE         偏移，並進入狀態 126
    FOR           偏移，並進入狀態 127
    TYPEDEF       偏移，並進入狀態 5
    MK_LBRACE     偏移，並進入狀態 128
    MK_SEMICOLON  偏移，並進入狀態 129
    RETURN        偏移，並進入狀態 130

    $預設  使用規則 26 以縮減 (block)

    block      進入狀態 131
    decl_list  進入狀態 132
    decl       進入狀態 11
    type_decl  進入狀態 12
    var_decl   進入狀態 13
    type       進入狀態 133
    stmt_list  進入狀態 134
    stmt       進入狀態 135
    var_ref    進入狀態 136


狀態 81

    9 function_decl: ID ID MK_LPAREN param_list MK_RPAREN . MK_LBRACE block MK_RBRACE

    MK_LBRACE  偏移，並進入狀態 137


狀態 82

   13 param_list: param_list MK_COMMA . param

    ID     偏移，並進入狀態 46
    INT    偏移，並進入狀態 3
    FLOAT  偏移，並進入狀態 4

    param  進入狀態 138
    type   進入狀態 50


狀態 83

   15 param: type ID .
   17      | type ID . dim_fn

    MK_LB  偏移，並進入狀態 122

    $預設  使用規則 15 以縮減 (param)

    dim_fn  進入狀態 139


狀態 84

   42 dim_decl: dim_decl MK_LB cexpr . MK_RB
   43 cexpr: cexpr . OP_PLUS mcexpr
   44      | cexpr . OP_MINUS mcexpr

    OP_PLUS   偏移，並進入狀態 74
    OP_MINUS  偏移，並進入狀態 75
    MK_RB     偏移，並進入狀態 140


狀態 85

   39 id_list: id_list MK_COMMA ID dim_decl .
   42 dim_decl: dim_decl . MK_LB cexpr MK_RB

    MK_LB  偏移，並進入狀態 51

    $預設  使用規則 39 以縮減 (id_list)


狀態 86

   11 function_decl: VOID ID MK_LPAREN MK_RPAREN MK_LBRACE . block MK_RBRACE

    ID            偏移，並進入狀態 124
    INT           偏移，並進入狀態 3
    FLOAT         偏移，並進入狀態 4
    IF            偏移，並進入狀態 125
    WHILE         偏移，並進入狀態 126
    FOR           偏移，並進入狀態 127
    TYPEDEF       偏移，並進入狀態 5
    MK_LBRACE     偏移，並進入狀態 128
    MK_SEMICOLON  偏移，並進入狀態 129
    RETURN        偏移，並進入狀態 130

    $預設  使用規則 26 以縮減 (block)

    block      進入狀態 141
    decl_list  進入狀態 132
    decl       進入狀態 11
    type_decl  進入狀態 12
    var_decl   進入狀態 13
    type       進入狀態 133
    stmt_list  進入狀態 134
    stmt       進入狀態 135
    var_ref    進入狀態 136


狀態 87

    8 function_decl: VOID ID MK_LPAREN param_list MK_RPAREN . MK_LBRACE block MK_RBRACE

    MK_LBRACE  偏移，並進入狀態 142


狀態 88

  114 dim_list: MK_LB . expr MK_RB

    ID         偏移，並進入狀態 57
    CONST      偏移，並進入狀態 58
    OP_NOT     偏移，並進入狀態 59
    OP_MINUS   偏移，並進入狀態 60
    MK_LPAREN  偏移，並進入狀態 61

    expr     進入狀態 143
    term     進入狀態 66
    factor   進入狀態 67
    var_ref  進入狀態 68


狀態 89

  105 factor: ID MK_LPAREN . relop_expr_list MK_RPAREN

    ID         偏移，並進入狀態 57
    CONST      偏移，並進入狀態 58
    OP_NOT     偏移，並進入狀態 59
    OP_MINUS   偏移，並進入狀態 60
    MK_LPAREN  偏移，並進入狀態 61

    $預設  使用規則 88 以縮減 (relop_expr_list)

    relop_expr                進入狀態 144
    relop_term                進入狀態 63
    relop_factor              進入狀態 64
    relop_expr_list           進入狀態 145
    nonempty_relop_expr_list  進入狀態 146
    expr                      進入狀態 65
    term                      進入狀態 66
    factor                    進入狀態 67
    var_ref                   進入狀態 68


狀態 90

  112 var_ref: ID dim_list .
  113 dim_list: dim_list . MK_LB expr MK_RB

    MK_LB  偏移，並進入狀態 147

    $預設  使用規則 112 以縮減 (var_ref)


狀態 91

  107 factor: OP_NOT ID . MK_LPAREN relop_expr_list MK_RPAREN
  111 var_ref: ID .
  112        | ID . dim_list

    MK_LB      偏移，並進入狀態 88
    MK_LPAREN  偏移，並進入狀態 148

    $預設  使用規則 111 以縮減 (var_ref)

    dim_list  進入狀態 90


狀態 92

  104 factor: OP_NOT CONST .

    $預設  使用規則 104 以縮減 (factor)


狀態 93

  101 factor: OP_NOT MK_LPAREN . relop_expr MK_RPAREN

    ID         偏移，並進入狀態 57
    CONST      偏移，並進入狀態 58
    OP_NOT     偏移，並進入狀態 59
    OP_MINUS   偏移，並進入狀態 60
    MK_LPAREN  偏移，並進入狀態 61

    relop_expr    進入狀態 149
    relop_term    進入狀態 63
    relop_factor  進入狀態 64
    expr          進入狀態 65
    term          進入狀態 66
    factor        進入狀態 67
    var_ref       進入狀態 68


狀態 94

  110 factor: OP_NOT var_ref .

    $預設  使用規則 110 以縮減 (factor)


狀態 95

  106 factor: OP_MINUS ID . MK_LPAREN relop_expr_list MK_RPAREN
  111 var_ref: ID .
  112        | ID . dim_list

    MK_LB      偏移，並進入狀態 88
    MK_LPAREN  偏移，並進入狀態 150

    $預設  使用規則 111 以縮減 (var_ref)

    dim_list  進入狀態 90


狀態 96

  103 factor: OP_MINUS CONST .

    $預設  使用規則 103 以縮減 (factor)


狀態 97

  100 factor: OP_MINUS MK_LPAREN . relop_expr MK_RPAREN

    ID         偏移，並進入狀態 57
    CONST      偏移，並進入狀態 58
    OP_NOT     偏移，並進入狀態 59
    OP_MINUS   偏移，並進入狀態 60
    MK_LPAREN  偏移，並進入狀態 61

    relop_expr    進入狀態 151
    relop_term    進入狀態 63
    relop_factor  進入狀態 64
    expr          進入狀態 65
    term          進入狀態 66
    factor        進入狀態 67
    var_ref       進入狀態 68


狀態 98

  109 factor: OP_MINUS var_ref .

    $預設  使用規則 109 以縮減 (factor)


狀態 99

   76 relop_expr: relop_expr . OP_OR relop_term
   99 factor: MK_LPAREN relop_expr . MK_RPAREN

    OP_OR      偏移，並進入狀態 100
    MK_RPAREN  偏移，並進入狀態 152


狀態 100

   76 relop_expr: relop_expr OP_OR . relop_term

    ID         偏移，並進入狀態 57
    CONST      偏移，並進入狀態 58
    OP_NOT     偏移，並進入狀態 59
    OP_MINUS   偏移，並進入狀態 60
    MK_LPAREN  偏移，並進入狀態 61

    relop_term    進入狀態 153
    relop_factor  進入狀態 64
    expr          進入狀態 65
    term          進入狀態 66
    factor        進入狀態 67
    var_ref       進入狀態 68


狀態 101

   78 relop_term: relop_term OP_AND . relop_factor

    ID         偏移，並進入狀態 57
    CONST      偏移，並進入狀態 58
    OP_NOT     偏移，並進入狀態 59
    OP_MINUS   偏移，並進入狀態 60
    MK_LPAREN  偏移，並進入狀態 61

    relop_factor  進入狀態 154
    expr          進入狀態 65
    term          進入狀態 66
    factor        進入狀態 67
    var_ref       進入狀態 68


狀態 102

   81 rel_op: OP_EQ .

    $預設  使用規則 81 以縮減 (rel_op)


狀態 103

   84 rel_op: OP_NE .

    $預設  使用規則 84 以縮減 (rel_op)


狀態 104

   85 rel_op: OP_GT .

    $預設  使用規則 85 以縮減 (rel_op)


狀態 105

   86 rel_op: OP_LT .

    $預設  使用規則 86 以縮減 (rel_op)


狀態 106

   82 rel_op: OP_GE .

    $預設  使用規則 82 以縮減 (rel_op)


狀態 107

   83 rel_op: OP_LE .

    $預設  使用規則 83 以縮減 (rel_op)


狀態 108

   93 add_op: OP_PLUS .

    $預設  使用規則 93 以縮減 (add_op)


狀態 109

   94 add_op: OP_MINUS .

    $預設  使用規則 94 以縮減 (add_op)


狀態 110

   80 relop_factor: expr rel_op . expr

    ID         偏移，並進入狀態 57
    CONST      偏移，並進入狀態 58
    OP_NOT     偏移，並進入狀態 59
    OP_MINUS   偏移，並進入狀態 60
    MK_LPAREN  偏移，並進入狀態 61

    expr     進入狀態 155
    term     進入狀態 66
    factor   進入狀態 67
    var_ref  進入狀態 68


狀態 111

   91 expr: expr add_op . term

    ID         偏移，並進入狀態 57
    CONST      偏移，並進入狀態 58
    OP_NOT     偏移，並進入狀態 59
    OP_MINUS   偏移，並進入狀態 60
    MK_LPAREN  偏移，並進入狀態 61

    term     進入狀態 156
    factor   進入狀態 67
    var_ref  進入狀態 68


狀態 112

   97 mul_op: OP_TIMES .

    $預設  使用規則 97 以縮減 (mul_op)


狀態 113

   98 mul_op: OP_DIVIDE .

    $預設  使用規則 98 以縮減 (mul_op)


狀態 114

   95 term: term mul_op . factor

    ID         偏移，並進入狀態 57
    CONST      偏移，並進入狀態 58
    OP_NOT     偏移，並進入狀態 59
    OP_MINUS   偏移，並進入狀態 60
    MK_LPAREN  偏移，並進入狀態 61

    factor   進入狀態 157
    var_ref  進入狀態 68


狀態 115

   10 function_decl: type ID MK_LPAREN MK_RPAREN MK_LBRACE . block MK_RBRACE

    ID            偏移，並進入狀態 124
    INT           偏移，並進入狀態 3
    FLOAT         偏移，並進入狀態 4
    IF            偏移，並進入狀態 125
    WHILE         偏移，並進入狀態 126
    FOR           偏移，並進入狀態 127
    TYPEDEF       偏移，並進入狀態 5
    MK_LBRACE     偏移，並進入狀態 128
    MK_SEMICOLON  偏移，並進入狀態 129
    RETURN        偏移，並進入狀態 130

    $預設  使用規則 26 以縮減 (block)

    block      進入狀態 158
    decl_list  進入狀態 132
    decl       進入狀態 11
    type_decl  進入狀態 12
    var_decl   進入狀態 13
    type       進入狀態 133
    stmt_list  進入狀態 134
    stmt       進入狀態 135
    var_ref    進入狀態 136


狀態 116

    7 function_decl: type ID MK_LPAREN param_list MK_RPAREN . MK_LBRACE block MK_RBRACE

    MK_LBRACE  偏移，並進入狀態 159


狀態 117

   50 cfactor: MK_LPAREN cexpr MK_RPAREN .

    $預設  使用規則 50 以縮減 (cfactor)


狀態 118

   43 cexpr: cexpr OP_PLUS mcexpr .
   46 mcexpr: mcexpr . OP_TIMES cfactor
   47       | mcexpr . OP_DIVIDE cfactor

    OP_TIMES   偏移，並進入狀態 77
    OP_DIVIDE  偏移，並進入狀態 78

    $預設  使用規則 43 以縮減 (cexpr)


狀態 119

   44 cexpr: cexpr OP_MINUS mcexpr .
   46 mcexpr: mcexpr . OP_TIMES cfactor
   47       | mcexpr . OP_DIVIDE cfactor

    OP_TIMES   偏移，並進入狀態 77
    OP_DIVIDE  偏移，並進入狀態 78

    $預設  使用規則 44 以縮減 (cexpr)


狀態 120

   46 mcexpr: mcexpr OP_TIMES cfactor .

    $預設  使用規則 46 以縮減 (mcexpr)


狀態 121

   47 mcexpr: mcexpr OP_DIVIDE cfactor .

    $預設  使用規則 47 以縮減 (mcexpr)


狀態 122

   19 dim_fn: MK_LB . expr_null MK_RB

    ID         偏移，並進入狀態 57
    CONST      偏移，並進入狀態 58
    OP_NOT     偏移，並進入狀態 59
    OP_MINUS   偏移，並進入狀態 60
    MK_LPAREN  偏移，並進入狀態 61

    $預設  使用規則 22 以縮減 (expr_null)

    expr_null  進入狀態 160
    expr       進入狀態 161
    term       進入狀態 66
    factor     進入狀態 67
    var_ref    進入狀態 68


狀態 123

   18 param: ID ID dim_fn .
   20 dim_fn: dim_fn . MK_LB expr MK_RB

    MK_LB  偏移，並進入狀態 162

    $預設  使用規則 18 以縮減 (param)


狀態 124

   34 var_decl: ID . id_list MK_SEMICOLON
   64 stmt: ID . MK_LPAREN relop_expr_list MK_RPAREN MK_SEMICOLON
  111 var_ref: ID .
  112        | ID . dim_list

    ID         偏移，並進入狀態 33
    MK_LB      偏移，並進入狀態 88
    MK_LPAREN  偏移，並進入狀態 163

    $預設  使用規則 111 以縮減 (var_ref)

    id_list   進入狀態 16
    dim_list  進入狀態 90


狀態 125

   62 stmt: IF . MK_LPAREN test MK_RPAREN stmt
   63     | IF . MK_LPAREN test MK_RPAREN stmt ELSE stmt

    MK_LPAREN  偏移，並進入狀態 164


狀態 126

   59 stmt: WHILE . MK_LPAREN test MK_RPAREN stmt

    MK_LPAREN  偏移，並進入狀態 165


狀態 127

   60 stmt: FOR . MK_LPAREN assign_expr_list MK_SEMICOLON relop_expr_list MK_SEMICOLON assign_expr_list MK_RPAREN stmt

    MK_LPAREN  偏移，並進入狀態 166


狀態 128

   58 stmt: MK_LBRACE . block MK_RBRACE

    ID            偏移，並進入狀態 124
    INT           偏移，並進入狀態 3
    FLOAT         偏移，並進入狀態 4
    IF            偏移，並進入狀態 125
    WHILE         偏移，並進入狀態 126
    FOR           偏移，並進入狀態 127
    TYPEDEF       偏移，並進入狀態 5
    MK_LBRACE     偏移，並進入狀態 128
    MK_SEMICOLON  偏移，並進入狀態 129
    RETURN        偏移，並進入狀態 130

    $預設  使用規則 26 以縮減 (block)

    block      進入狀態 167
    decl_list  進入狀態 132
    decl       進入狀態 11
    type_decl  進入狀態 12
    var_decl   進入狀態 13
    type       進入狀態 133
    stmt_list  進入狀態 134
    stmt       進入狀態 135
    var_ref    進入狀態 136


狀態 129

   65 stmt: MK_SEMICOLON .

    $預設  使用規則 65 以縮減 (stmt)


狀態 130

   66 stmt: RETURN . MK_SEMICOLON
   67     | RETURN . relop_expr MK_SEMICOLON

    ID            偏移，並進入狀態 57
    CONST         偏移，並進入狀態 58
    OP_NOT        偏移，並進入狀態 59
    OP_MINUS      偏移，並進入狀態 60
    MK_LPAREN     偏移，並進入狀態 61
    MK_SEMICOLON  偏移，並進入狀態 168

    relop_expr    進入狀態 169
    relop_term    進入狀態 63
    relop_factor  進入狀態 64
    expr          進入狀態 65
    term          進入狀態 66
    factor        進入狀態 67
    var_ref       進入狀態 68


狀態 131

   12 function_decl: ID ID MK_LPAREN MK_RPAREN MK_LBRACE block . MK_RBRACE

    MK_RBRACE  偏移，並進入狀態 170


狀態 132

   23 block: decl_list . stmt_list
   25      | decl_list .
   27 decl_list: decl_list . decl

    ID            偏移，並進入狀態 124
    INT           偏移，並進入狀態 3
    FLOAT         偏移，並進入狀態 4
    IF            偏移，並進入狀態 125
    WHILE         偏移，並進入狀態 126
    FOR           偏移，並進入狀態 127
    TYPEDEF       偏移，並進入狀態 5
    MK_LBRACE     偏移，並進入狀態 128
    MK_SEMICOLON  偏移，並進入狀態 129
    RETURN        偏移，並進入狀態 130

    $預設  使用規則 25 以縮減 (block)

    decl       進入狀態 23
    type_decl  進入狀態 12
    var_decl   進入狀態 13
    type       進入狀態 133
    stmt_list  進入狀態 171
    stmt       進入狀態 135
    var_ref    進入狀態 136


狀態 133

   33 var_decl: type . init_id_list MK_SEMICOLON

    ID  偏移，並進入狀態 71

    init_id_list  進入狀態 25
    init_id       進入狀態 26


狀態 134

   24 block: stmt_list .
   56 stmt_list: stmt_list . stmt

    ID            偏移，並進入狀態 172
    IF            偏移，並進入狀態 125
    WHILE         偏移，並進入狀態 126
    FOR           偏移，並進入狀態 127
    MK_LBRACE     偏移，並進入狀態 128
    MK_SEMICOLON  偏移，並進入狀態 129
    RETURN        偏移，並進入狀態 130

    $預設  使用規則 24 以縮減 (block)

    stmt     進入狀態 173
    var_ref  進入狀態 136


狀態 135

   57 stmt_list: stmt .

    $預設  使用規則 57 以縮減 (stmt_list)


狀態 136

   61 stmt: var_ref . OP_ASSIGN relop_expr MK_SEMICOLON

    OP_ASSIGN  偏移，並進入狀態 174


狀態 137

    9 function_decl: ID ID MK_LPAREN param_list MK_RPAREN MK_LBRACE . block MK_RBRACE

    ID            偏移，並進入狀態 124
    INT           偏移，並進入狀態 3
    FLOAT         偏移，並進入狀態 4
    IF            偏移，並進入狀態 125
    WHILE         偏移，並進入狀態 126
    FOR           偏移，並進入狀態 127
    TYPEDEF       偏移，並進入狀態 5
    MK_LBRACE     偏移，並進入狀態 128
    MK_SEMICOLON  偏移，並進入狀態 129
    RETURN        偏移，並進入狀態 130

    $預設  使用規則 26 以縮減 (block)

    block      進入狀態 175
    decl_list  進入狀態 132
    decl       進入狀態 11
    type_decl  進入狀態 12
    var_decl   進入狀態 13
    type       進入狀態 133
    stmt_list  進入狀態 134
    stmt       進入狀態 135
    var_ref    進入狀態 136


狀態 138

   13 param_list: param_list MK_COMMA param .

    $預設  使用規則 13 以縮減 (param_list)


狀態 139

   17 param: type ID dim_fn .
   20 dim_fn: dim_fn . MK_LB expr MK_RB

    MK_LB  偏移，並進入狀態 162

    $預設  使用規則 17 以縮減 (param)


狀態 140

   42 dim_decl: dim_decl MK_LB cexpr MK_RB .

    $預設  使用規則 42 以縮減 (dim_decl)


狀態 141

   11 function_decl: VOID ID MK_LPAREN MK_RPAREN MK_LBRACE block . MK_RBRACE

    MK_RBRACE  偏移，並進入狀態 176


狀態 142

    8 function_decl: VOID ID MK_LPAREN param_list MK_RPAREN MK_LBRACE . block MK_RBRACE

    ID            偏移，並進入狀態 124
    INT           偏移，並進入狀態 3
    FLOAT         偏移，並進入狀態 4
    IF            偏移，並進入狀態 125
    WHILE         偏移，並進入狀態 126
    FOR           偏移，並進入狀態 127
    TYPEDEF       偏移，並進入狀態 5
    MK_LBRACE     偏移，並進入狀態 128
    MK_SEMICOLON  偏移，並進入狀態 129
    RETURN        偏移，並進入狀態 130

    $預設  使用規則 26 以縮減 (block)

    block      進入狀態 177
    decl_list  進入狀態 132
    decl       進入狀態 11
    type_decl  進入狀態 12
    var_decl   進入狀態 13
    type       進入狀態 133
    stmt_list  進入狀態 134
    stmt       進入狀態 135
    var_ref    進入狀態 136


狀態 143

   91 expr: expr . add_op term
  114 dim_list: MK_LB expr . MK_RB

    OP_PLUS   偏移，並進入狀態 108
    OP_MINUS  偏移，並進入狀態 109
    MK_RB     偏移，並進入狀態 178

    add_op  進入狀態 111


狀態 144

   76 relop_expr: relop_expr . OP_OR relop_term
   90 nonempty_relop_expr_list: relop_expr .

    OP_OR  偏移，並進入狀態 100

    $預設  使用規則 90 以縮減 (nonempty_relop_expr_list)


狀態 145

  105 factor: ID MK_LPAREN relop_expr_list . MK_RPAREN

    MK_RPAREN  偏移，並進入狀態 179


狀態 146

   87 relop_expr_list: nonempty_relop_expr_list .
   89 nonempty_relop_expr_list: nonempty_relop_expr_list . MK_COMMA relop_expr

    MK_COMMA  偏移，並進入狀態 180

    $預設  使用規則 87 以縮減 (relop_expr_list)


狀態 147

  113 dim_list: dim_list MK_LB . expr MK_RB

    ID         偏移，並進入狀態 57
    CONST      偏移，並進入狀態 58
    OP_NOT     偏移，並進入狀態 59
    OP_MINUS   偏移，並進入狀態 60
    MK_LPAREN  偏移，並進入狀態 61

    expr     進入狀態 181
    term     進入狀態 66
    factor   進入狀態 67
    var_ref  進入狀態 68


狀態 148

  107 factor: OP_NOT ID MK_LPAREN . relop_expr_list MK_RPAREN

    ID         偏移，並進入狀態 57
    CONST      偏移，並進入狀態 58
    OP_NOT     偏移，並進入狀態 59
    OP_MINUS   偏移，並進入狀態 60
    MK_LPAREN  偏移，並進入狀態 61

    $預設  使用規則 88 以縮減 (relop_expr_list)

    relop_expr                進入狀態 144
    relop_term                進入狀態 63
    relop_factor              進入狀態 64
    relop_expr_list           進入狀態 182
    nonempty_relop_expr_list  進入狀態 146
    expr                      進入狀態 65
    term                      進入狀態 66
    factor                    進入狀態 67
    var_ref                   進入狀態 68


狀態 149

   76 relop_expr: relop_expr . OP_OR relop_term
  101 factor: OP_NOT MK_LPAREN relop_expr . MK_RPAREN

    OP_OR      偏移，並進入狀態 100
    MK_RPAREN  偏移，並進入狀態 183


狀態 150

  106 factor: OP_MINUS ID MK_LPAREN . relop_expr_list MK_RPAREN

    ID         偏移，並進入狀態 57
    CONST      偏移，並進入狀態 58
    OP_NOT     偏移，並進入狀態 59
    OP_MINUS   偏移，並進入狀態 60
    MK_LPAREN  偏移，並進入狀態 61

    $預設  使用規則 88 以縮減 (relop_expr_list)

    relop_expr                進入狀態 144
    relop_term                進入狀態 63
    relop_factor              進入狀態 64
    relop_expr_list           進入狀態 184
    nonempty_relop_expr_list  進入狀態 146
    expr                      進入狀態 65
    term                      進入狀態 66
    factor                    進入狀態 67
    var_ref                   進入狀態 68


狀態 151

   76 relop_expr: relop_expr . OP_OR relop_term
  100 factor: OP_MINUS MK_LPAREN relop_expr . MK_RPAREN

    OP_OR      偏移，並進入狀態 100
    MK_RPAREN  偏移，並進入狀態 185


狀態 152

   99 factor: MK_LPAREN relop_expr MK_RPAREN .

    $預設  使用規則 99 以縮減 (factor)


狀態 153

   76 relop_expr: relop_expr OP_OR relop_term .
   78 relop_term: relop_term . OP_AND relop_factor

    OP_AND  偏移，並進入狀態 101

    $預設  使用規則 76 以縮減 (relop_expr)


狀態 154

   78 relop_term: relop_term OP_AND relop_factor .

    $預設  使用規則 78 以縮減 (relop_term)


狀態 155

   80 relop_factor: expr rel_op expr .
   91 expr: expr . add_op term

    OP_PLUS   偏移，並進入狀態 108
    OP_MINUS  偏移，並進入狀態 109

    $預設  使用規則 80 以縮減 (relop_factor)

    add_op  進入狀態 111


狀態 156

   91 expr: expr add_op term .
   95 term: term . mul_op factor

    OP_TIMES   偏移，並進入狀態 112
    OP_DIVIDE  偏移，並進入狀態 113

    $預設  使用規則 91 以縮減 (expr)

    mul_op  進入狀態 114


狀態 157

   95 term: term mul_op factor .

    $預設  使用規則 95 以縮減 (term)


狀態 158

   10 function_decl: type ID MK_LPAREN MK_RPAREN MK_LBRACE block . MK_RBRACE

    MK_RBRACE  偏移，並進入狀態 186


狀態 159

    7 function_decl: type ID MK_LPAREN param_list MK_RPAREN MK_LBRACE . block MK_RBRACE

    ID            偏移，並進入狀態 124
    INT           偏移，並進入狀態 3
    FLOAT         偏移，並進入狀態 4
    IF            偏移，並進入狀態 125
    WHILE         偏移，並進入狀態 126
    FOR           偏移，並進入狀態 127
    TYPEDEF       偏移，並進入狀態 5
    MK_LBRACE     偏移，並進入狀態 128
    MK_SEMICOLON  偏移，並進入狀態 129
    RETURN        偏移，並進入狀態 130

    $預設  使用規則 26 以縮減 (block)

    block      進入狀態 187
    decl_list  進入狀態 132
    decl       進入狀態 11
    type_decl  進入狀態 12
    var_decl   進入狀態 13
    type       進入狀態 133
    stmt_list  進入狀態 134
    stmt       進入狀態 135
    var_ref    進入狀態 136


狀態 160

   19 dim_fn: MK_LB expr_null . MK_RB

    MK_RB  偏移，並進入狀態 188


狀態 161

   21 expr_null: expr .
   91 expr: expr . add_op term

    OP_PLUS   偏移，並進入狀態 108
    OP_MINUS  偏移，並進入狀態 109

    $預設  使用規則 21 以縮減 (expr_null)

    add_op  進入狀態 111


狀態 162

   20 dim_fn: dim_fn MK_LB . expr MK_RB

    ID         偏移，並進入狀態 57
    CONST      偏移，並進入狀態 58
    OP_NOT     偏移，並進入狀態 59
    OP_MINUS   偏移，並進入狀態 60
    MK_LPAREN  偏移，並進入狀態 61

    expr     進入狀態 189
    term     進入狀態 66
    factor   進入狀態 67
    var_ref  進入狀態 68


狀態 163

   64 stmt: ID MK_LPAREN . relop_expr_list MK_RPAREN MK_SEMICOLON

    ID         偏移，並進入狀態 57
    CONST      偏移，並進入狀態 58
    OP_NOT     偏移，並進入狀態 59
    OP_MINUS   偏移，並進入狀態 60
    MK_LPAREN  偏移，並進入狀態 61

    $預設  使用規則 88 以縮減 (relop_expr_list)

    relop_expr                進入狀態 144
    relop_term                進入狀態 63
    relop_factor              進入狀態 64
    relop_expr_list           進入狀態 190
    nonempty_relop_expr_list  進入狀態 146
    expr                      進入狀態 65
    term                      進入狀態 66
    factor                    進入狀態 67
    var_ref                   進入狀態 68


狀態 164

   62 stmt: IF MK_LPAREN . test MK_RPAREN stmt
   63     | IF MK_LPAREN . test MK_RPAREN stmt ELSE stmt

    ID         偏移，並進入狀態 191
    CONST      偏移，並進入狀態 58
    OP_NOT     偏移，並進入狀態 59
    OP_MINUS   偏移，並進入狀態 60
    MK_LPAREN  偏移，並進入狀態 61

    test          進入狀態 192
    assign_expr   進入狀態 193
    relop_expr    進入狀態 194
    relop_term    進入狀態 63
    relop_factor  進入狀態 64
    expr          進入狀態 65
    term          進入狀態 66
    factor        進入狀態 67
    var_ref       進入狀態 68


狀態 165

   59 stmt: WHILE MK_LPAREN . test MK_RPAREN stmt

    ID         偏移，並進入狀態 191
    CONST      偏移，並進入狀態 58
    OP_NOT     偏移，並進入狀態 59
    OP_MINUS   偏移，並進入狀態 60
    MK_LPAREN  偏移，並進入狀態 61

    test          進入狀態 195
    assign_expr   進入狀態 193
    relop_expr    進入狀態 194
    relop_term    進入狀態 63
    relop_factor  進入狀態 64
    expr          進入狀態 65
    term          進入狀態 66
    factor        進入狀態 67
    var_ref       進入狀態 68


狀態 166

   60 stmt: FOR MK_LPAREN . assign_expr_list MK_SEMICOLON relop_expr_list MK_SEMICOLON assign_expr_list MK_RPAREN stmt

    ID         偏移，並進入狀態 191
    CONST      偏移，並進入狀態 58
    OP_NOT     偏移，並進入狀態 59
    OP_MINUS   偏移，並進入狀態 60
    MK_LPAREN  偏移，並進入狀態 61

    $預設  使用規則 69 以縮減 (assign_expr_list)

    assign_expr_list           進入狀態 196
    nonempty_assign_expr_list  進入狀態 197
    assign_expr                進入狀態 198
    relop_expr                 進入狀態 194
    relop_term                 進入狀態 63
    relop_factor               進入狀態 64
    expr                       進入狀態 65
    term                       進入狀態 66
    factor                     進入狀態 67
    var_ref                    進入狀態 68


狀態 167

   58 stmt: MK_LBRACE block . MK_RBRACE

    MK_RBRACE  偏移，並進入狀態 199


狀態 168

   66 stmt: RETURN MK_SEMICOLON .

    $預設  使用規則 66 以縮減 (stmt)


狀態 169

   67 stmt: RETURN relop_expr . MK_SEMICOLON
   76 relop_expr: relop_expr . OP_OR relop_term

    OP_OR         偏移，並進入狀態 100
    MK_SEMICOLON  偏移，並進入狀態 200


狀態 170

   12 function_decl: ID ID MK_LPAREN MK_RPAREN MK_LBRACE block MK_RBRACE .

    $預設  使用規則 12 以縮減 (function_decl)


狀態 171

   23 block: decl_list stmt_list .
   56 stmt_list: stmt_list . stmt

    ID            偏移，並進入狀態 172
    IF            偏移，並進入狀態 125
    WHILE         偏移，並進入狀態 126
    FOR           偏移，並進入狀態 127
    MK_LBRACE     偏移，並進入狀態 128
    MK_SEMICOLON  偏移，並進入狀態 129
    RETURN        偏移，並進入狀態 130

    $預設  使用規則 23 以縮減 (block)

    stmt     進入狀態 173
    var_ref  進入狀態 136


狀態 172

   64 stmt: ID . MK_LPAREN relop_expr_list MK_RPAREN MK_SEMICOLON
  111 var_ref: ID .
  112        | ID . dim_list

    MK_LB      偏移，並進入狀態 88
    MK_LPAREN  偏移，並進入狀態 163

    $預設  使用規則 111 以縮減 (var_ref)

    dim_list  進入狀態 90


狀態 173

   56 stmt_list: stmt_list stmt .

    $預設  使用規則 56 以縮減 (stmt_list)


狀態 174

   61 stmt: var_ref OP_ASSIGN . relop_expr MK_SEMICOLON

    ID         偏移，並進入狀態 57
    CONST      偏移，並進入狀態 58
    OP_NOT     偏移，並進入狀態 59
    OP_MINUS   偏移，並進入狀態 60
    MK_LPAREN  偏移，並進入狀態 61

    relop_expr    進入狀態 201
    relop_term    進入狀態 63
    relop_factor  進入狀態 64
    expr          進入狀態 65
    term          進入狀態 66
    factor        進入狀態 67
    var_ref       進入狀態 68


狀態 175

    9 function_decl: ID ID MK_LPAREN param_list MK_RPAREN MK_LBRACE block . MK_RBRACE

    MK_RBRACE  偏移，並進入狀態 202


狀態 176

   11 function_decl: VOID ID MK_LPAREN MK_RPAREN MK_LBRACE block MK_RBRACE .

    $預設  使用規則 11 以縮減 (function_decl)


狀態 177

    8 function_decl: VOID ID MK_LPAREN param_list MK_RPAREN MK_LBRACE block . MK_RBRACE

    MK_RBRACE  偏移，並進入狀態 203


狀態 178

  114 dim_list: MK_LB expr MK_RB .

    $預設  使用規則 114 以縮減 (dim_list)


狀態 179

  105 factor: ID MK_LPAREN relop_expr_list MK_RPAREN .

    $預設  使用規則 105 以縮減 (factor)


狀態 180

   89 nonempty_relop_expr_list: nonempty_relop_expr_list MK_COMMA . relop_expr

    ID         偏移，並進入狀態 57
    CONST      偏移，並進入狀態 58
    OP_NOT     偏移，並進入狀態 59
    OP_MINUS   偏移，並進入狀態 60
    MK_LPAREN  偏移，並進入狀態 61

    relop_expr    進入狀態 204
    relop_term    進入狀態 63
    relop_factor  進入狀態 64
    expr          進入狀態 65
    term          進入狀態 66
    factor        進入狀態 67
    var_ref       進入狀態 68


狀態 181

   91 expr: expr . add_op term
  113 dim_list: dim_list MK_LB expr . MK_RB

    OP_PLUS   偏移，並進入狀態 108
    OP_MINUS  偏移，並進入狀態 109
    MK_RB     偏移，並進入狀態 205

    add_op  進入狀態 111


狀態 182

  107 factor: OP_NOT ID MK_LPAREN relop_expr_list . MK_RPAREN

    MK_RPAREN  偏移，並進入狀態 206


狀態 183

  101 factor: OP_NOT MK_LPAREN relop_expr MK_RPAREN .

    $預設  使用規則 101 以縮減 (factor)


狀態 184

  106 factor: OP_MINUS ID MK_LPAREN relop_expr_list . MK_RPAREN

    MK_RPAREN  偏移，並進入狀態 207


狀態 185

  100 factor: OP_MINUS MK_LPAREN relop_expr MK_RPAREN .

    $預設  使用規則 100 以縮減 (factor)


狀態 186

   10 function_decl: type ID MK_LPAREN MK_RPAREN MK_LBRACE block MK_RBRACE .

    $預設  使用規則 10 以縮減 (function_decl)


狀態 187

    7 function_decl: type ID MK_LPAREN param_list MK_RPAREN MK_LBRACE block . MK_RBRACE

    MK_RBRACE  偏移，並進入狀態 208


狀態 188

   19 dim_fn: MK_LB expr_null MK_RB .

    $預設  使用規則 19 以縮減 (dim_fn)


狀態 189

   20 dim_fn: dim_fn MK_LB expr . MK_RB
   91 expr: expr . add_op term

    OP_PLUS   偏移，並進入狀態 108
    OP_MINUS  偏移，並進入狀態 109
    MK_RB     偏移，並進入狀態 209

    add_op  進入狀態 111


狀態 190

   64 stmt: ID MK_LPAREN relop_expr_list . MK_RPAREN MK_SEMICOLON

    MK_RPAREN  偏移，並進入狀態 210


狀態 191

   73 assign_expr: ID . OP_ASSIGN relop_expr
  105 factor: ID . MK_LPAREN relop_expr_list MK_RPAREN
  111 var_ref: ID .
  112        | ID . dim_list

    OP_ASSIGN  偏移，並進入狀態 211
    MK_LB      偏移，並進入狀態 88
    MK_LPAREN  偏移，並進入狀態 89

    $預設  使用規則 111 以縮減 (var_ref)

    dim_list  進入狀態 90


狀態 192

   62 stmt: IF MK_LPAREN test . MK_RPAREN stmt
   63     | IF MK_LPAREN test . MK_RPAREN stmt ELSE stmt

    MK_RPAREN  偏移，並進入狀態 212


狀態 193

   72 test: assign_expr .

    $預設  使用規則 72 以縮減 (test)


狀態 194

   74 assign_expr: relop_expr .
   76 relop_expr: relop_expr . OP_OR relop_term

    OP_OR  偏移，並進入狀態 100

    $預設  使用規則 74 以縮減 (assign_expr)


狀態 195

   59 stmt: WHILE MK_LPAREN test . MK_RPAREN stmt

    MK_RPAREN  偏移，並進入狀態 213


狀態 196

   60 stmt: FOR MK_LPAREN assign_expr_list . MK_SEMICOLON relop_expr_list MK_SEMICOLON assign_expr_list MK_RPAREN stmt

    MK_SEMICOLON  偏移，並進入狀態 214


狀態 197

   68 assign_expr_list: nonempty_assign_expr_list .
   70 nonempty_assign_expr_list: nonempty_assign_expr_list . MK_COMMA assign_expr

    MK_COMMA  偏移，並進入狀態 215

    $預設  使用規則 68 以縮減 (assign_expr_list)


狀態 198

   71 nonempty_assign_expr_list: assign_expr .

    $預設  使用規則 71 以縮減 (nonempty_assign_expr_list)


狀態 199

   58 stmt: MK_LBRACE block MK_RBRACE .

    $預設  使用規則 58 以縮減 (stmt)


狀態 200

   67 stmt: RETURN relop_expr MK_SEMICOLON .

    $預設  使用規則 67 以縮減 (stmt)


狀態 201

   61 stmt: var_ref OP_ASSIGN relop_expr . MK_SEMICOLON
   76 relop_expr: relop_expr . OP_OR relop_term

    OP_OR         偏移，並進入狀態 100
    MK_SEMICOLON  偏移，並進入狀態 216


狀態 202

    9 function_decl: ID ID MK_LPAREN param_list MK_RPAREN MK_LBRACE block MK_RBRACE .

    $預設  使用規則 9 以縮減 (function_decl)


狀態 203

    8 function_decl: VOID ID MK_LPAREN param_list MK_RPAREN MK_LBRACE block MK_RBRACE .

    $預設  使用規則 8 以縮減 (function_decl)


狀態 204

   76 relop_expr: relop_expr . OP_OR relop_term
   89 nonempty_relop_expr_list: nonempty_relop_expr_list MK_COMMA relop_expr .

    OP_OR  偏移，並進入狀態 100

    $預設  使用規則 89 以縮減 (nonempty_relop_expr_list)


狀態 205

  113 dim_list: dim_list MK_LB expr MK_RB .

    $預設  使用規則 113 以縮減 (dim_list)


狀態 206

  107 factor: OP_NOT ID MK_LPAREN relop_expr_list MK_RPAREN .

    $預設  使用規則 107 以縮減 (factor)


狀態 207

  106 factor: OP_MINUS ID MK_LPAREN relop_expr_list MK_RPAREN .

    $預設  使用規則 106 以縮減 (factor)


狀態 208

    7 function_decl: type ID MK_LPAREN param_list MK_RPAREN MK_LBRACE block MK_RBRACE .

    $預設  使用規則 7 以縮減 (function_decl)


狀態 209

   20 dim_fn: dim_fn MK_LB expr MK_RB .

    $預設  使用規則 20 以縮減 (dim_fn)


狀態 210

   64 stmt: ID MK_LPAREN relop_expr_list MK_RPAREN . MK_SEMICOLON

    MK_SEMICOLON  偏移，並進入狀態 217


狀態 211

   73 assign_expr: ID OP_ASSIGN . relop_expr

    ID         偏移，並進入狀態 57
    CONST      偏移，並進入狀態 58
    OP_NOT     偏移，並進入狀態 59
    OP_MINUS   偏移，並進入狀態 60
    MK_LPAREN  偏移，並進入狀態 61

    relop_expr    進入狀態 218
    relop_term    進入狀態 63
    relop_factor  進入狀態 64
    expr          進入狀態 65
    term          進入狀態 66
    factor        進入狀態 67
    var_ref       進入狀態 68


狀態 212

   62 stmt: IF MK_LPAREN test MK_RPAREN . stmt
   63     | IF MK_LPAREN test MK_RPAREN . stmt ELSE stmt

    ID            偏移，並進入狀態 172
    IF            偏移，並進入狀態 125
    WHILE         偏移，並進入狀態 126
    FOR           偏移，並進入狀態 127
    MK_LBRACE     偏移，並進入狀態 128
    MK_SEMICOLON  偏移，並進入狀態 129
    RETURN        偏移，並進入狀態 130

    stmt     進入狀態 219
    var_ref  進入狀態 136


狀態 213

   59 stmt: WHILE MK_LPAREN test MK_RPAREN . stmt

    ID            偏移，並進入狀態 172
    IF            偏移，並進入狀態 125
    WHILE         偏移，並進入狀態 126
    FOR           偏移，並進入狀態 127
    MK_LBRACE     偏移，並進入狀態 128
    MK_SEMICOLON  偏移，並進入狀態 129
    RETURN        偏移，並進入狀態 130

    stmt     進入狀態 220
    var_ref  進入狀態 136


狀態 214

   60 stmt: FOR MK_LPAREN assign_expr_list MK_SEMICOLON . relop_expr_list MK_SEMICOLON assign_expr_list MK_RPAREN stmt

    ID         偏移，並進入狀態 57
    CONST      偏移，並進入狀態 58
    OP_NOT     偏移，並進入狀態 59
    OP_MINUS   偏移，並進入狀態 60
    MK_LPAREN  偏移，並進入狀態 61

    $預設  使用規則 88 以縮減 (relop_expr_list)

    relop_expr                進入狀態 144
    relop_term                進入狀態 63
    relop_factor              進入狀態 64
    relop_expr_list           進入狀態 221
    nonempty_relop_expr_list  進入狀態 146
    expr                      進入狀態 65
    term                      進入狀態 66
    factor                    進入狀態 67
    var_ref                   進入狀態 68


狀態 215

   70 nonempty_assign_expr_list: nonempty_assign_expr_list MK_COMMA . assign_expr

    ID         偏移，並進入狀態 191
    CONST      偏移，並進入狀態 58
    OP_NOT     偏移，並進入狀態 59
    OP_MINUS   偏移，並進入狀態 60
    MK_LPAREN  偏移，並進入狀態 61

    assign_expr   進入狀態 222
    relop_expr    進入狀態 194
    relop_term    進入狀態 63
    relop_factor  進入狀態 64
    expr          進入狀態 65
    term          進入狀態 66
    factor        進入狀態 67
    var_ref       進入狀態 68


狀態 216

   61 stmt: var_ref OP_ASSIGN relop_expr MK_SEMICOLON .

    $預設  使用規則 61 以縮減 (stmt)


狀態 217

   64 stmt: ID MK_LPAREN relop_expr_list MK_RPAREN MK_SEMICOLON .

    $預設  使用規則 64 以縮減 (stmt)


狀態 218

   73 assign_expr: ID OP_ASSIGN relop_expr .
   76 relop_expr: relop_expr . OP_OR relop_term

    OP_OR  偏移，並進入狀態 100

    $預設  使用規則 73 以縮減 (assign_expr)


狀態 219

   62 stmt: IF MK_LPAREN test MK_RPAREN stmt .
   63     | IF MK_LPAREN test MK_RPAREN stmt . ELSE stmt

    ELSE  偏移，並進入狀態 223

    ELSE     [使用規則 62 以縮減 (stmt)]
    $預設  使用規則 62 以縮減 (stmt)


狀態 220

   59 stmt: WHILE MK_LPAREN test MK_RPAREN stmt .

    $預設  使用規則 59 以縮減 (stmt)


狀態 221

   60 stmt: FOR MK_LPAREN assign_expr_list MK_SEMICOLON relop_expr_list . MK_SEMICOLON assign_expr_list MK_RPAREN stmt

    MK_SEMICOLON  偏移，並進入狀態 224


狀態 222

   70 nonempty_assign_expr_list: nonempty_assign_expr_list MK_COMMA assign_expr .

    $預設  使用規則 70 以縮減 (nonempty_assign_expr_list)


狀態 223

   63 stmt: IF MK_LPAREN test MK_RPAREN stmt ELSE . stmt

    ID            偏移，並進入狀態 172
    IF            偏移，並進入狀態 125
    WHILE         偏移，並進入狀態 126
    FOR           偏移，並進入狀態 127
    MK_LBRACE     偏移，並進入狀態 128
    MK_SEMICOLON  偏移，並進入狀態 129
    RETURN        偏移，並進入狀態 130

    stmt     進入狀態 225
    var_ref  進入狀態 136


狀態 224

   60 stmt: FOR MK_LPAREN assign_expr_list MK_SEMICOLON relop_expr_list MK_SEMICOLON . assign_expr_list MK_RPAREN stmt

    ID         偏移，並進入狀態 191
    CONST      偏移，並進入狀態 58
    OP_NOT     偏移，並進入狀態 59
    OP_MINUS   偏移，並進入狀態 60
    MK_LPAREN  偏移，並進入狀態 61

    $預設  使用規則 69 以縮減 (assign_expr_list)

    assign_expr_list           進入狀態 226
    nonempty_assign_expr_list  進入狀態 197
    assign_expr                進入狀態 198
    relop_expr                 進入狀態 194
    relop_term                 進入狀態 63
    relop_factor               進入狀態 64
    expr                       進入狀態 65
    term                       進入狀態 66
    factor                     進入狀態 67
    var_ref                    進入狀態 68


狀態 225

   63 stmt: IF MK_LPAREN test MK_RPAREN stmt ELSE stmt .

    $預設  使用規則 63 以縮減 (stmt)


狀態 226

   60 stmt: FOR MK_LPAREN assign_expr_list MK_SEMICOLON relop_expr_list MK_SEMICOLON assign_expr_list . MK_RPAREN stmt

    MK_RPAREN  偏移，並進入狀態 227


狀態 227

   60 stmt: FOR MK_LPAREN assign_expr_list MK_SEMICOLON relop_expr_list MK_SEMICOLON assign_expr_list MK_RPAREN . stmt

    ID            偏移，並進入狀態 172
    IF            偏移，並進入狀態 125
    WHILE         偏移，並進入狀態 126
    FOR           偏移，並進入狀態 127
    MK_LBRACE     偏移，並進入狀態 128
    MK_SEMICOLON  偏移，並進入狀態 129
    RETURN        偏移，並進入狀態 130

    stmt     進入狀態 228
    var_ref  進入狀態 136


狀態 228

   60 stmt: FOR MK_LPAREN assign_expr_list MK_SEMICOLON relop_expr_list MK_SEMICOLON assign_expr_list MK_RPAREN stmt .

    $預設  使用規則 60 以縮減 (stmt)
